2025-03-14 13:13:13 - Instancia de BookService creada
2025-03-14 13:13:22 - Libro guardado en MongoDB23 El Quijote54 19.99
2025-03-14 13:13:22 - Libro guardado en Postgres23 El Quijote54 19.99
2025-03-14 13:13:22 - Libro guardo en MongoDB y Postgres23 El Quijote54 19.99
2025-03-14 13:13:50 - Libro eliminado23
2025-03-14 13:14:29 - Buscando todos los libros
2025-03-14 13:14:30 - Buscando todos los libros
2025-03-14 13:14:56 - Buscando todos los libros
2025-03-14 13:14:56 - Libros exportados a XML
2025-03-14 13:15:19 - Buscando todos los libros
2025-03-14 13:15:24 - Todos los libros eliminados
2025-03-14 13:15:28 - Buscando todos los libros
2025-03-14 13:34:49 - Instancia de BookService creada
2025-03-14 13:35:17 - Libro guardo en MongoDB y Postgres1 El Quijote 19.99
2025-03-14 13:35:19 - Buscando todos los libros
2025-03-14 13:35:20 - Buscando todos los libros
2025-03-14 13:36:17 - Buscando todos los libros
2025-03-14 13:36:20 - Libro guardado en MongoDB1 El Quijote 19.99
2025-03-14 13:36:20 - Libro guardado en Postgres1 El Quijote 19.99
2025-03-14 13:36:20 - Libro guardo en MongoDB y Postgres1 El Quijote 19.99
2025-03-14 13:36:21 - Buscando todos los libros
2025-03-14 13:36:34 - Buscando todos los libros
2025-03-14 13:36:34 - Libros exportados a XML
