2025-03-14 12:56:41 - Starting OrquestadorNolombokApplication using Java 23.0.2 with PID 12995 (/home/dam/IdeaProjects/orquestador_nolombok/target/classes started by dam in /home/dam/IdeaProjects/orquestador_nolombok)
2025-03-14 12:56:41 - No active profile set, falling back to 1 default profile: "default"
2025-03-14 12:56:42 - BeanFactory id=55bcb36c-ec22-3ed6-8f4b-0b117d2572b3
2025-03-14 12:56:42 - Tomcat initialized with port 8080 (http)
2025-03-14 12:56:42 - Initializing ProtocolHandler ["http-nio-8080"]
2025-03-14 12:56:42 - Starting service [Tomcat]
2025-03-14 12:56:42 - Starting Servlet engine: [Apache Tomcat/10.1.36]
2025-03-14 12:56:42 - Initializing Spring embedded WebApplicationContext
2025-03-14 12:56:42 - Root WebApplicationContext: initialization completed in 429 ms
2025-03-14 12:56:42 - Starting ProtocolHandler ["http-nio-8080"]
2025-03-14 12:56:42 - Tomcat started on port 8080 (http) with context path '/'
2025-03-14 12:56:42 - Started OrquestadorNolombokApplication in 0.961 seconds (process running for 1.401)
2025-03-14 12:56:55 - Initializing Spring DispatcherServlet 'dispatcherServlet'
2025-03-14 12:56:55 - Initializing Servlet 'dispatcherServlet'
2025-03-14 12:56:55 - Completed initialization in 1 ms
2025-03-14 12:57:44 - Commencing graceful shutdown. Waiting for active requests to complete
2025-03-14 12:57:44 - Graceful shutdown complete
2025-03-14 12:57:45 - Starting OrquestadorNolombokApplication using Java 23.0.2 with PID 13179 (/home/dam/IdeaProjects/orquestador_nolombok/target/classes started by dam in /home/dam/IdeaProjects/orquestador_nolombok)
2025-03-14 12:57:45 - No active profile set, falling back to 1 default profile: "default"
2025-03-14 12:57:45 - BeanFactory id=55bcb36c-ec22-3ed6-8f4b-0b117d2572b3
2025-03-14 12:57:45 - Tomcat initialized with port 8080 (http)
2025-03-14 12:57:45 - Initializing ProtocolHandler ["http-nio-8080"]
2025-03-14 12:57:45 - Starting service [Tomcat]
2025-03-14 12:57:45 - Starting Servlet engine: [Apache Tomcat/10.1.36]
2025-03-14 12:57:45 - Initializing Spring embedded WebApplicationContext
2025-03-14 12:57:45 - Root WebApplicationContext: initialization completed in 427 ms
2025-03-14 12:57:46 - Starting ProtocolHandler ["http-nio-8080"]
2025-03-14 12:57:46 - Tomcat started on port 8080 (http) with context path '/'
2025-03-14 12:57:46 - Started OrquestadorNolombokApplication in 0.945 seconds (process running for 1.309)
2025-03-14 12:58:42 - Initializing Spring DispatcherServlet 'dispatcherServlet'
2025-03-14 12:58:42 - Initializing Servlet 'dispatcherServlet'
2025-03-14 12:58:42 - Completed initialization in 1 ms
2025-03-14 13:00:40 - Commencing graceful shutdown. Waiting for active requests to complete
2025-03-14 13:00:40 - Graceful shutdown complete
2025-03-14 13:00:42 - Starting OrquestadorNolombokApplication using Java 23.0.2 with PID 13418 (/home/dam/IdeaProjects/orquestador_nolombok/target/classes started by dam in /home/dam/IdeaProjects/orquestador_nolombok)
2025-03-14 13:00:42 - No active profile set, falling back to 1 default profile: "default"
2025-03-14 13:00:42 - BeanFactory id=55bcb36c-ec22-3ed6-8f4b-0b117d2572b3
2025-03-14 13:00:42 - Tomcat initialized with port 8080 (http)
2025-03-14 13:00:42 - Initializing ProtocolHandler ["http-nio-8080"]
2025-03-14 13:00:42 - Starting service [Tomcat]
2025-03-14 13:00:42 - Starting Servlet engine: [Apache Tomcat/10.1.36]
2025-03-14 13:00:42 - Initializing Spring embedded WebApplicationContext
2025-03-14 13:00:42 - Root WebApplicationContext: initialization completed in 429 ms
2025-03-14 13:00:42 - Starting ProtocolHandler ["http-nio-8080"]
2025-03-14 13:00:42 - Tomcat started on port 8080 (http) with context path '/'
2025-03-14 13:00:42 - Started OrquestadorNolombokApplication in 0.958 seconds (process running for 1.348)
2025-03-14 13:01:01 - Initializing Spring DispatcherServlet 'dispatcherServlet'
2025-03-14 13:01:01 - Initializing Servlet 'dispatcherServlet'
2025-03-14 13:01:01 - Completed initialization in 0 ms
2025-03-14 13:13:10 - Commencing graceful shutdown. Waiting for active requests to complete
2025-03-14 13:13:10 - Graceful shutdown complete
2025-03-14 13:13:12 - Starting OrquestadorNolombokApplication using Java 23.0.2 with PID 14099 (/home/dam/IdeaProjects/orquestador_nolombok/target/classes started by dam in /home/dam/IdeaProjects/orquestador_nolombok)
2025-03-14 13:13:12 - No active profile set, falling back to 1 default profile: "default"
2025-03-14 13:13:12 - BeanFactory id=55bcb36c-ec22-3ed6-8f4b-0b117d2572b3
2025-03-14 13:13:13 - Tomcat initialized with port 8080 (http)
2025-03-14 13:13:13 - Initializing ProtocolHandler ["http-nio-8080"]
2025-03-14 13:13:13 - Starting service [Tomcat]
2025-03-14 13:13:13 - Starting Servlet engine: [Apache Tomcat/10.1.36]
2025-03-14 13:13:13 - Initializing Spring embedded WebApplicationContext
2025-03-14 13:13:13 - Root WebApplicationContext: initialization completed in 424 ms
2025-03-14 13:13:13 - Starting ProtocolHandler ["http-nio-8080"]
2025-03-14 13:13:13 - Tomcat started on port 8080 (http) with context path '/'
2025-03-14 13:13:13 - Started OrquestadorNolombokApplication in 0.96 seconds (process running for 1.294)
2025-03-14 13:13:22 - Initializing Spring DispatcherServlet 'dispatcherServlet'
2025-03-14 13:13:22 - Initializing Servlet 'dispatcherServlet'
2025-03-14 13:13:22 - Completed initialization in 1 ms
2025-03-14 13:18:21 - Commencing graceful shutdown. Waiting for active requests to complete
2025-03-14 13:18:21 - Graceful shutdown complete
2025-03-14 13:34:49 - Starting OrquestadorNolombokApplication using Java 23.0.2 with PID 15401 (/home/dam/IdeaProjects/orquestador_nolombok/target/classes started by dam in /home/dam/IdeaProjects/orquestador_nolombok)
2025-03-14 13:34:49 - No active profile set, falling back to 1 default profile: "default"
2025-03-14 13:34:49 - BeanFactory id=55bcb36c-ec22-3ed6-8f4b-0b117d2572b3
2025-03-14 13:34:49 - Tomcat initialized with port 8080 (http)
2025-03-14 13:34:49 - Initializing ProtocolHandler ["http-nio-8080"]
2025-03-14 13:34:49 - Starting service [Tomcat]
2025-03-14 13:34:49 - Starting Servlet engine: [Apache Tomcat/10.1.36]
2025-03-14 13:34:49 - Initializing Spring embedded WebApplicationContext
2025-03-14 13:34:49 - Root WebApplicationContext: initialization completed in 406 ms
2025-03-14 13:34:50 - Starting ProtocolHandler ["http-nio-8080"]
2025-03-14 13:34:50 - Tomcat started on port 8080 (http) with context path '/'
2025-03-14 13:34:50 - Started OrquestadorNolombokApplication in 0.914 seconds (process running for 1.262)
2025-03-14 13:35:17 - Initializing Spring DispatcherServlet 'dispatcherServlet'
2025-03-14 13:35:17 - Initializing Servlet 'dispatcherServlet'
2025-03-14 13:35:17 - Completed initialization in 1 ms
2025-03-14 13:35:19 - Servlet.service() for servlet [dispatcherServlet] in context with path [] threw exception [Request processing failed: java.lang.RuntimeException: feign.RetryableException: Conexi贸n rehusada executing GET http://localhost:8082/libros] with root cause
java.net.ConnectException: Conexi贸n rehusada
	at java.base/sun.nio.ch.Net.pollConnect(Native Method)
	at java.base/sun.nio.ch.Net.pollConnectNow(Net.java:682)
	at java.base/sun.nio.ch.NioSocketImpl.timedFinishConnect(NioSocketImpl.java:542)
	at java.base/sun.nio.ch.NioSocketImpl.connect(NioSocketImpl.java:592)
	at java.base/java.net.Socket.connect(Socket.java:760)
	at java.base/sun.net.NetworkClient.doConnect(NetworkClient.java:178)
	at java.base/sun.net.www.http.HttpClient.openServer(HttpClient.java:531)
	at java.base/sun.net.www.http.HttpClient.openServer(HttpClient.java:636)
	at java.base/sun.net.www.http.HttpClient.<init>(HttpClient.java:280)
	at java.base/sun.net.www.http.HttpClient.New(HttpClient.java:386)
	at java.base/sun.net.www.http.HttpClient.New(HttpClient.java:408)
	at java.base/sun.net.www.protocol.http.HttpURLConnection.getNewHttpClient(HttpURLConnection.java:1310)
	at java.base/sun.net.www.protocol.http.HttpURLConnection.plainConnect0(HttpURLConnection.java:1243)
	at java.base/sun.net.www.protocol.http.HttpURLConnection.plainConnect(HttpURLConnection.java:1129)
	at java.base/sun.net.www.protocol.http.HttpURLConnection.connect(HttpURLConnection.java:1058)
	at java.base/sun.net.www.protocol.http.HttpURLConnection.getInputStream0(HttpURLConnection.java:1691)
	at java.base/sun.net.www.protocol.http.HttpURLConnection.getInputStream(HttpURLConnection.java:1615)
	at java.base/java.net.HttpURLConnection.getResponseCode(HttpURLConnection.java:531)
	at feign.Client$Default.convertResponse(Client.java:114)
	at feign.Client$Default.execute(Client.java:110)
	at feign.SynchronousMethodHandler.executeAndDecode(SynchronousMethodHandler.java:92)
	at feign.SynchronousMethodHandler.invoke(SynchronousMethodHandler.java:53)
	at feign.ReflectiveFeign$FeignInvocationHandler.invoke(ReflectiveFeign.java:104)
	at jdk.proxy2/jdk.proxy2.$Proxy67.getAllBooks(Unknown Source)
	at com.dam.orquestador_nolombok.service.BookService.findAll(BookService.java:145)
	at com.dam.orquestador_nolombok.controller.BookController.getAllLibros(BookController.java:29)
	at java.base/jdk.internal.reflect.DirectMethodHandleAccessor.invoke(DirectMethodHandleAccessor.java:103)
	at java.base/java.lang.reflect.Method.invoke(Method.java:580)
	at org.springframework.web.method.support.InvocableHandlerMethod.doInvoke(InvocableHandlerMethod.java:257)
	at org.springframework.web.method.support.InvocableHandlerMethod.invokeForRequest(InvocableHandlerMethod.java:190)
	at org.springframework.web.servlet.mvc.method.annotation.ServletInvocableHandlerMethod.invokeAndHandle(ServletInvocableHandlerMethod.java:118)
	at org.springframework.web.servlet.mvc.method.annotation.RequestMappingHandlerAdapter.invokeHandlerMethod(RequestMappingHandlerAdapter.java:986)
	at org.springframework.web.servlet.mvc.method.annotation.RequestMappingHandlerAdapter.handleInternal(RequestMappingHandlerAdapter.java:891)
	at org.springframework.web.servlet.mvc.method.AbstractHandlerMethodAdapter.handle(AbstractHandlerMethodAdapter.java:87)
	at org.springframework.web.servlet.DispatcherServlet.doDispatch(DispatcherServlet.java:1088)
	at org.springframework.web.servlet.DispatcherServlet.doService(DispatcherServlet.java:978)
	at org.springframework.web.servlet.FrameworkServlet.processRequest(FrameworkServlet.java:1014)
	at org.springframework.web.servlet.FrameworkServlet.doGet(FrameworkServlet.java:903)
	at jakarta.servlet.http.HttpServlet.service(HttpServlet.java:564)
	at org.springframework.web.servlet.FrameworkServlet.service(FrameworkServlet.java:885)
	at jakarta.servlet.http.HttpServlet.service(HttpServlet.java:658)
	at org.apache.catalina.core.ApplicationFilterChain.internalDoFilter(ApplicationFilterChain.java:195)
	at org.apache.catalina.core.ApplicationFilterChain.doFilter(ApplicationFilterChain.java:140)
	at org.apache.tomcat.websocket.server.WsFilter.doFilter(WsFilter.java:51)
	at org.apache.catalina.core.ApplicationFilterChain.internalDoFilter(ApplicationFilterChain.java:164)
	at org.apache.catalina.core.ApplicationFilterChain.doFilter(ApplicationFilterChain.java:140)
	at org.springframework.web.filter.RequestContextFilter.doFilterInternal(RequestContextFilter.java:100)
	at org.springframework.web.filter.OncePerRequestFilter.doFilter(OncePerRequestFilter.java:116)
	at org.apache.catalina.core.ApplicationFilterChain.internalDoFilter(ApplicationFilterChain.java:164)
	at org.apache.catalina.core.ApplicationFilterChain.doFilter(ApplicationFilterChain.java:140)
	at org.springframework.web.filter.FormContentFilter.doFilterInternal(FormContentFilter.java:93)
	at org.springframework.web.filter.OncePerRequestFilter.doFilter(OncePerRequestFilter.java:116)
	at org.apache.catalina.core.ApplicationFilterChain.internalDoFilter(ApplicationFilterChain.java:164)
	at org.apache.catalina.core.ApplicationFilterChain.doFilter(ApplicationFilterChain.java:140)
	at org.springframework.web.filter.CharacterEncodingFilter.doFilterInternal(CharacterEncodingFilter.java:201)
	at org.springframework.web.filter.OncePerRequestFilter.doFilter(OncePerRequestFilter.java:116)
	at org.apache.catalina.core.ApplicationFilterChain.internalDoFilter(ApplicationFilterChain.java:164)
	at org.apache.catalina.core.ApplicationFilterChain.doFilter(ApplicationFilterChain.java:140)
	at org.apache.catalina.core.StandardWrapperValve.invoke(StandardWrapperValve.java:167)
	at org.apache.catalina.core.StandardContextValve.invoke(StandardContextValve.java:90)
	at org.apache.catalina.authenticator.AuthenticatorBase.invoke(AuthenticatorBase.java:483)
	at org.apache.catalina.core.StandardHostValve.invoke(StandardHostValve.java:115)
	at org.apache.catalina.valves.ErrorReportValve.invoke(ErrorReportValve.java:93)
	at org.apache.catalina.core.StandardEngineValve.invoke(StandardEngineValve.java:74)
	at org.apache.catalina.connector.CoyoteAdapter.service(CoyoteAdapter.java:344)
	at org.apache.coyote.http11.Http11Processor.service(Http11Processor.java:397)
	at org.apache.coyote.AbstractProcessorLight.process(AbstractProcessorLight.java:63)
	at org.apache.coyote.AbstractProtocol$ConnectionHandler.process(AbstractProtocol.java:905)
	at org.apache.tomcat.util.net.NioEndpoint$SocketProcessor.doRun(NioEndpoint.java:1743)
	at org.apache.tomcat.util.net.SocketProcessorBase.run(SocketProcessorBase.java:52)
	at org.apache.tomcat.util.threads.ThreadPoolExecutor.runWorker(ThreadPoolExecutor.java:1190)
	at org.apache.tomcat.util.threads.ThreadPoolExecutor$Worker.run(ThreadPoolExecutor.java:659)
	at org.apache.tomcat.util.threads.TaskThread$WrappingRunnable.run(TaskThread.java:63)
	at java.base/java.lang.Thread.run(Thread.java:1575)
2025-03-14 13:35:20 - Servlet.service() for servlet [dispatcherServlet] in context with path [] threw exception [Request processing failed: java.lang.RuntimeException: feign.RetryableException: Conexi贸n rehusada executing GET http://localhost:8082/libros] with root cause
java.net.ConnectException: Conexi贸n rehusada
	at java.base/sun.nio.ch.Net.pollConnect(Native Method)
	at java.base/sun.nio.ch.Net.pollConnectNow(Net.java:682)
	at java.base/sun.nio.ch.NioSocketImpl.timedFinishConnect(NioSocketImpl.java:542)
	at java.base/sun.nio.ch.NioSocketImpl.connect(NioSocketImpl.java:592)
	at java.base/java.net.Socket.connect(Socket.java:760)
	at java.base/sun.net.NetworkClient.doConnect(NetworkClient.java:178)
	at java.base/sun.net.www.http.HttpClient.openServer(HttpClient.java:531)
	at java.base/sun.net.www.http.HttpClient.openServer(HttpClient.java:636)
	at java.base/sun.net.www.http.HttpClient.<init>(HttpClient.java:280)
	at java.base/sun.net.www.http.HttpClient.New(HttpClient.java:386)
	at java.base/sun.net.www.http.HttpClient.New(HttpClient.java:408)
	at java.base/sun.net.www.protocol.http.HttpURLConnection.getNewHttpClient(HttpURLConnection.java:1310)
	at java.base/sun.net.www.protocol.http.HttpURLConnection.plainConnect0(HttpURLConnection.java:1243)
	at java.base/sun.net.www.protocol.http.HttpURLConnection.plainConnect(HttpURLConnection.java:1129)
	at java.base/sun.net.www.protocol.http.HttpURLConnection.connect(HttpURLConnection.java:1058)
	at java.base/sun.net.www.protocol.http.HttpURLConnection.getInputStream0(HttpURLConnection.java:1691)
	at java.base/sun.net.www.protocol.http.HttpURLConnection.getInputStream(HttpURLConnection.java:1615)
	at java.base/java.net.HttpURLConnection.getResponseCode(HttpURLConnection.java:531)
	at feign.Client$Default.convertResponse(Client.java:114)
	at feign.Client$Default.execute(Client.java:110)
	at feign.SynchronousMethodHandler.executeAndDecode(SynchronousMethodHandler.java:92)
	at feign.SynchronousMethodHandler.invoke(SynchronousMethodHandler.java:53)
	at feign.ReflectiveFeign$FeignInvocationHandler.invoke(ReflectiveFeign.java:104)
	at jdk.proxy2/jdk.proxy2.$Proxy67.getAllBooks(Unknown Source)
	at com.dam.orquestador_nolombok.service.BookService.findAll(BookService.java:145)
	at com.dam.orquestador_nolombok.controller.BookController.getAllLibros(BookController.java:29)
	at java.base/jdk.internal.reflect.DirectMethodHandleAccessor.invoke(DirectMethodHandleAccessor.java:103)
	at java.base/java.lang.reflect.Method.invoke(Method.java:580)
	at org.springframework.web.method.support.InvocableHandlerMethod.doInvoke(InvocableHandlerMethod.java:257)
	at org.springframework.web.method.support.InvocableHandlerMethod.invokeForRequest(InvocableHandlerMethod.java:190)
	at org.springframework.web.servlet.mvc.method.annotation.ServletInvocableHandlerMethod.invokeAndHandle(ServletInvocableHandlerMethod.java:118)
	at org.springframework.web.servlet.mvc.method.annotation.RequestMappingHandlerAdapter.invokeHandlerMethod(RequestMappingHandlerAdapter.java:986)
	at org.springframework.web.servlet.mvc.method.annotation.RequestMappingHandlerAdapter.handleInternal(RequestMappingHandlerAdapter.java:891)
	at org.springframework.web.servlet.mvc.method.AbstractHandlerMethodAdapter.handle(AbstractHandlerMethodAdapter.java:87)
	at org.springframework.web.servlet.DispatcherServlet.doDispatch(DispatcherServlet.java:1088)
	at org.springframework.web.servlet.DispatcherServlet.doService(DispatcherServlet.java:978)
	at org.springframework.web.servlet.FrameworkServlet.processRequest(FrameworkServlet.java:1014)
	at org.springframework.web.servlet.FrameworkServlet.doGet(FrameworkServlet.java:903)
	at jakarta.servlet.http.HttpServlet.service(HttpServlet.java:564)
	at org.springframework.web.servlet.FrameworkServlet.service(FrameworkServlet.java:885)
	at jakarta.servlet.http.HttpServlet.service(HttpServlet.java:658)
	at org.apache.catalina.core.ApplicationFilterChain.internalDoFilter(ApplicationFilterChain.java:195)
	at org.apache.catalina.core.ApplicationFilterChain.doFilter(ApplicationFilterChain.java:140)
	at org.apache.tomcat.websocket.server.WsFilter.doFilter(WsFilter.java:51)
	at org.apache.catalina.core.ApplicationFilterChain.internalDoFilter(ApplicationFilterChain.java:164)
	at org.apache.catalina.core.ApplicationFilterChain.doFilter(ApplicationFilterChain.java:140)
	at org.springframework.web.filter.RequestContextFilter.doFilterInternal(RequestContextFilter.java:100)
	at org.springframework.web.filter.OncePerRequestFilter.doFilter(OncePerRequestFilter.java:116)
	at org.apache.catalina.core.ApplicationFilterChain.internalDoFilter(ApplicationFilterChain.java:164)
	at org.apache.catalina.core.ApplicationFilterChain.doFilter(ApplicationFilterChain.java:140)
	at org.springframework.web.filter.FormContentFilter.doFilterInternal(FormContentFilter.java:93)
	at org.springframework.web.filter.OncePerRequestFilter.doFilter(OncePerRequestFilter.java:116)
	at org.apache.catalina.core.ApplicationFilterChain.internalDoFilter(ApplicationFilterChain.java:164)
	at org.apache.catalina.core.ApplicationFilterChain.doFilter(ApplicationFilterChain.java:140)
	at org.springframework.web.filter.CharacterEncodingFilter.doFilterInternal(CharacterEncodingFilter.java:201)
	at org.springframework.web.filter.OncePerRequestFilter.doFilter(OncePerRequestFilter.java:116)
	at org.apache.catalina.core.ApplicationFilterChain.internalDoFilter(ApplicationFilterChain.java:164)
	at org.apache.catalina.core.ApplicationFilterChain.doFilter(ApplicationFilterChain.java:140)
	at org.apache.catalina.core.StandardWrapperValve.invoke(StandardWrapperValve.java:167)
	at org.apache.catalina.core.StandardContextValve.invoke(StandardContextValve.java:90)
	at org.apache.catalina.authenticator.AuthenticatorBase.invoke(AuthenticatorBase.java:483)
	at org.apache.catalina.core.StandardHostValve.invoke(StandardHostValve.java:115)
	at org.apache.catalina.valves.ErrorReportValve.invoke(ErrorReportValve.java:93)
	at org.apache.catalina.core.StandardEngineValve.invoke(StandardEngineValve.java:74)
	at org.apache.catalina.connector.CoyoteAdapter.service(CoyoteAdapter.java:344)
	at org.apache.coyote.http11.Http11Processor.service(Http11Processor.java:397)
	at org.apache.coyote.AbstractProcessorLight.process(AbstractProcessorLight.java:63)
	at org.apache.coyote.AbstractProtocol$ConnectionHandler.process(AbstractProtocol.java:905)
	at org.apache.tomcat.util.net.NioEndpoint$SocketProcessor.doRun(NioEndpoint.java:1743)
	at org.apache.tomcat.util.net.SocketProcessorBase.run(SocketProcessorBase.java:52)
	at org.apache.tomcat.util.threads.ThreadPoolExecutor.runWorker(ThreadPoolExecutor.java:1190)
	at org.apache.tomcat.util.threads.ThreadPoolExecutor$Worker.run(ThreadPoolExecutor.java:659)
	at org.apache.tomcat.util.threads.TaskThread$WrappingRunnable.run(TaskThread.java:63)
	at java.base/java.lang.Thread.run(Thread.java:1575)
2025-03-14 13:36:56 - Commencing graceful shutdown. Waiting for active requests to complete
2025-03-14 13:36:56 - Graceful shutdown complete
